INFO [2020-04-23 13:26:44] [[1]]
INFO [2020-04-23 13:26:44] x
INFO [2020-04-23 13:26:44] 
INFO [2020-04-23 13:26:44] $col
INFO [2020-04-23 13:26:44] colors[1:n]
INFO [2020-04-23 13:26:44] 
INFO [2020-04-23 13:26:44] $margin
INFO [2020-04-23 13:26:44] [1] 0.05
INFO [2020-04-23 13:26:44] 
INFO [2020-04-23 13:26:44] $filename
INFO [2020-04-23 13:26:44] NULL
INFO [2020-04-23 13:26:44] 
INFO [2020-04-23 13:26:44] $resolution
INFO [2020-04-23 13:26:44] [1] 900
INFO [2020-04-23 13:26:44] 
INFO [2020-04-23 13:26:44] $height
INFO [2020-04-23 13:26:44] [1] 400
INFO [2020-04-23 13:26:44] 
INFO [2020-04-23 13:26:44] $force.unique
INFO [2020-04-23 13:26:44] T
INFO [2020-04-23 13:26:44] 
INFO [2020-04-23 13:26:44] $main
INFO [2020-04-23 13:26:44] main
INFO [2020-04-23 13:26:44] 
INFO [2020-04-23 13:26:44] $sub
INFO [2020-04-23 13:26:44] [1] " "
INFO [2020-04-23 13:26:44] 
INFO [2020-04-23 13:26:44] $sub.pos
INFO [2020-04-23 13:26:44] rep(sub.pos, n)
INFO [2020-04-23 13:26:44] 
INFO [2020-04-23 13:26:44] $scaled
INFO [2020-04-23 13:26:44] F
INFO [2020-04-23 13:26:44] 
INFO [2020-04-23 13:26:44] $cat.cex
INFO [2020-04-23 13:26:44] [1] 1.1
INFO [2020-04-23 13:26:44] 
INFO [2020-04-23 13:26:44] $cex
INFO [2020-04-23 13:26:44] [1] 2
INFO [2020-04-23 13:26:44] 
INFO [2020-04-23 13:26:44] $cat.dist
INFO [2020-04-23 13:26:44] rep(cat.dist, n)
INFO [2020-04-23 13:26:44] 
INFO [2020-04-23 13:26:44] $fontfamily
INFO [2020-04-23 13:26:44] [1] "sans"
INFO [2020-04-23 13:26:44] 
INFO [2020-04-23 13:26:44] $cat.fontfamily
INFO [2020-04-23 13:26:44] [1] "sans"
INFO [2020-04-23 13:26:44] 
INFO [2020-04-23 13:26:44] $main.fontfamily
INFO [2020-04-23 13:26:44] [1] "sans"
INFO [2020-04-23 13:26:44] 
ERROR [2020-04-23 13:26:44] Unexpected parameter length for 'category'
